<?xml version="1.0" encoding="UTF-8"?>
<!-- Generated by org.testng.reporters.JUnitReportReporter -->
<testsuite hostname="DESKTOP-9KAQLAA" failures="0" tests="1" name="tests.AddPatientTest" time="3.577" errors="0" timestamp="2025-06-12T16:39:28 IST" skipped="0">
  <testcase classname="tests.AddPatientTest" name="addPatient" time="3.577"/>
  <system-out/>
</testsuite> <!-- tests.AddPatientTest -->
