<?xml version="1.0" encoding="UTF-8"?>
<!-- Generated by org.testng.reporters.JUnitReportReporter -->
<testsuite hostname="DESKTOP-9KAQLAA" failures="0" tests="1" name="tests.LogoutTest" time="2.306" errors="0" timestamp="2025-06-13T11:22:29 IST" skipped="0">
  <testcase classname="tests.LogoutTest" name="testSpecialCharInMRN" time="2.306"/>
  <system-out/>
</testsuite> <!-- tests.LogoutTest -->
