<?xml version="1.0" encoding="UTF-8"?>
<!-- Generated by org.testng.reporters.JUnitReportReporter -->
<testsuite hostname="DESKTOP-9KAQLAA" failures="0" tests="1" name="tests.Dummy" time="0.095" errors="0" timestamp="2025-06-13T11:11:22 IST" skipped="0">
  <testcase classname="tests.Dummy" name="dummyTest" time="0.095"/>
  <system-out/>
</testsuite> <!-- tests.Dummy -->
