<?xml version="1.0" encoding="UTF-8"?>
<!-- Generated by org.testng.reporters.JUnitReportReporter -->
<testsuite hostname="DESKTOP-9KAQLAA" failures="0" tests="1" name="tests.LogoutTest" time="0.961" errors="0" timestamp="2025-06-13T11:15:05 IST" skipped="0">
  <testcase classname="tests.LogoutTest" name="testSpecialCharInMRN" time="0.961"/>
</testsuite> <!-- tests.LogoutTest -->
